[aiden.gg/index.html]
[backblue.gif]
[fade.gif]
[index.html]
[r2.e-z.host/2082d908-7c65-4fc3-b02a-5f50f9141543/lbo1x6wn.png]
[aiden.gg/_next/static/css/260373c37722d20c.css]
[aiden.gg/favicon.ico]
[aiden.gg/_next/static/chunks/polyfills-c67a75d1b6f99dc8.js]
[aiden.gg/_next/static/chunks/webpack-59c5c889f52620d6.js]
[aiden.gg/_next/static/chunks/framework-2c79e2a64abdb08b.js]
[aiden.gg/_next/static/chunks/main-3a42e3b12b1f1cc3.js]
[aiden.gg/_next/static/chunks/pages/_app-5fbdfbcdfb555d2f.js]
[aiden.gg/_next/static/chunks/187-3013963e72e8d87d.js]
[aiden.gg/_next/static/chunks/pages/index-591663a160ec159e.js]
[aiden.gg/_next/static/8X0qgwQgObZa4RMB7eSyG/_buildManifest.js]
[aiden.gg/_next/static/8X0qgwQgObZa4RMB7eSyG/_ssgManifest.js]
[r2.e-z.host/2082d908-7c65-4fc3-b02a-5f50f9141543/g9j04tdrsj5wwzw76d.png]
[r2.e-z.host/2082d908-7c65-4fc3-b02a-5f50f9141543/qr3zqlfckx6hkdj0nl.png]
[r2.e-z.host/2082d908-7c65-4fc3-b02a-5f50f9141543/8qx6q91yedkiub4285.png]
[r2.e-z.host/2082d908-7c65-4fc3-b02a-5f50f9141543/q4dzhs1beprvugs13m.png]
[r2.e-z.host/2082d908-7c65-4fc3-b02a-5f50f9141543/z3xmhz3k1rc24l433c.png]
[r2.e-z.host/2082d908-7c65-4fc3-b02a-5f50f9141543/me2uv8xk95n010sdwz.png]
[r2.e-z.host/2082d908-7c65-4fc3-b02a-5f50f9141543/38q1ernjfyann7b590.png]
[r2.e-z.host/2082d908-7c65-4fc3-b02a-5f50f9141543/thtbtb35c8ismwu5ev.png]
[r2.e-z.host/2082d908-7c65-4fc3-b02a-5f50f9141543/9fh70jey.png]
[r2.e-z.host/2082d908-7c65-4fc3-b02a-5f50f9141543/6wkmhejr64fctl11ce.png]
[r2.e-z.host/2082d908-7c65-4fc3-b02a-5f50f9141543/46loh4yo.png]
[r2.e-z.host/2082d908-7c65-4fc3-b02a-5f50f9141543/hjyak8dvlxhyge59tc.png]
[r2.e-z.host/2082d908-7c65-4fc3-b02a-5f50f9141543/5a1b2k7554mwodo0kn.png]
[r2.e-z.host/2082d908-7c65-4fc3-b02a-5f50f9141543/z5fxiscvmm9d8qyham.png]
[r2.e-z.host/2082d908-7c65-4fc3-b02a-5f50f9141543/igpppynf.png]
[aiden.gg/index.html]
[aiden.gg/_next/static/css/260373c37722d20c.css]
